android/android/app/build/intermediates/manifest_merge_blame_file/debug/processDebugMainManifest/manifest-merger-blame-debug-report.txt
1<?xml version="1.0" encoding="utf-8"?>
2<manifest xmlns:android="http://schemas.android.com/apk/res/android"
3    package="com.awol.etechpro"
4    android:versionCode="2"
5    android:versionName="1.0.1" >
6
7    <uses-sdk
8        android:minSdkVersion="24"
9        android:targetSdkVersion="34" />
10
11    <uses-permission android:name="android.permission.INTERNET" />
11-->src\main\AndroidManifest.xml:4:5-67
11-->src\main\AndroidManifest.xml:4:22-64
12    <uses-permission android:name="android.permission.ACCESS_NETWORK_STATE" />
12-->src\main\AndroidManifest.xml:5:5-79
12-->src\main\AndroidManifest.xml:5:22-76
13    <uses-permission android:name="com.google.android.gms.permission.AD_ID" />
13-->[com.google.android.gms:play-services-ads-lite:23.2.0] AndroidManifest.xml:26:5-79
13-->[com.google.android.gms:play-services-ads-lite:23.2.0] AndroidManifest.xml:26:22-76
14    <uses-permission android:name="android.permission.ACCESS_ADSERVICES_AD_ID" />
14-->[com.google.android.gms:play-services-ads-lite:23.2.0] AndroidManifest.xml:27:5-82
14-->[com.google.android.gms:play-services-ads-lite:23.2.0] AndroidManifest.xml:27:22-79
15    <uses-permission android:name="android.permission.ACCESS_ADSERVICES_ATTRIBUTION" />
15-->[com.google.android.gms:play-services-ads-lite:23.2.0] AndroidManifest.xml:28:5-88
15-->[com.google.android.gms:play-services-ads-lite:23.2.0] AndroidManifest.xml:28:22-85
16    <uses-permission android:name="android.permission.ACCESS_ADSERVICES_TOPICS" /> <!-- Android package visibility setting -->
16-->[com.google.android.gms:play-services-ads-lite:23.2.0] AndroidManifest.xml:29:5-83
16-->[com.google.android.gms:play-services-ads-lite:23.2.0] AndroidManifest.xml:29:22-80
17    <queries>
17-->[com.google.android.gms:play-services-ads-lite:23.2.0] AndroidManifest.xml:35:5-51:15
18
19        <!-- For browser content -->
20        <intent>
20-->[com.google.android.gms:play-services-ads-lite:23.2.0] AndroidManifest.xml:38:9-44:18
21            <action android:name="android.intent.action.VIEW" />
21-->[com.google.android.gms:play-services-ads-lite:23.2.0] AndroidManifest.xml:39:13-65
21-->[com.google.android.gms:play-services-ads-lite:23.2.0] AndroidManifest.xml:39:21-62
22
23            <category android:name="android.intent.category.BROWSABLE" />
23-->[com.google.android.gms:play-services-ads-lite:23.2.0] AndroidManifest.xml:41:13-74
23-->[com.google.android.gms:play-services-ads-lite:23.2.0] AndroidManifest.xml:41:23-71
24
25            <data android:scheme="https" />
25-->[com.google.android.gms:play-services-ads-lite:23.2.0] AndroidManifest.xml:43:13-44
25-->[com.google.android.gms:play-services-ads-lite:23.2.0] AndroidManifest.xml:43:19-41
26        </intent>
27        <!-- End of browser content -->
28        <!-- For CustomTabsService -->
29        <intent>
29-->[com.google.android.gms:play-services-ads-lite:23.2.0] AndroidManifest.xml:47:9-49:18
30            <action android:name="android.support.customtabs.action.CustomTabsService" />
30-->[com.google.android.gms:play-services-ads-lite:23.2.0] AndroidManifest.xml:48:13-90
30-->[com.google.android.gms:play-services-ads-lite:23.2.0] AndroidManifest.xml:48:21-87
31        </intent>
32        <!-- End of CustomTabsService -->
33    </queries>
34
35    <uses-permission android:name="android.permission.WAKE_LOCK" />
35-->[com.google.android.gms:play-services-measurement-sdk-api:20.1.2] AndroidManifest.xml:25:5-68
35-->[com.google.android.gms:play-services-measurement-sdk-api:20.1.2] AndroidManifest.xml:25:22-65
36    <uses-permission android:name="android.permission.FOREGROUND_SERVICE" />
36-->[androidx.work:work-runtime:2.7.0] AndroidManifest.xml:28:5-77
36-->[androidx.work:work-runtime:2.7.0] AndroidManifest.xml:28:22-74
37
38    <permission
38-->[androidx.core:core:1.13.0] AndroidManifest.xml:22:5-24:47
39        android:name="com.awol.etechpro.DYNAMIC_RECEIVER_NOT_EXPORTED_PERMISSION"
39-->[androidx.core:core:1.13.0] AndroidManifest.xml:23:9-81
40        android:protectionLevel="signature" />
40-->[androidx.core:core:1.13.0] AndroidManifest.xml:24:9-44
41
42    <uses-permission android:name="com.awol.etechpro.DYNAMIC_RECEIVER_NOT_EXPORTED_PERMISSION" />
42-->[androidx.core:core:1.13.0] AndroidManifest.xml:26:5-97
42-->[androidx.core:core:1.13.0] AndroidManifest.xml:26:22-94
43
44    <application
44-->src\main\AndroidManifest.xml:7:5-79:19
45        android:name="com.awol.etechpro.EtechProApp"
45-->src\main\AndroidManifest.xml:8:9-36
46        android:allowBackup="true"
46-->src\main\AndroidManifest.xml:9:9-35
47        android:appComponentFactory="androidx.core.app.CoreComponentFactory"
47-->[androidx.core:core:1.13.0] AndroidManifest.xml:28:18-86
48        android:debuggable="true"
49        android:extractNativeLibs="false"
50        android:icon="@mipmap/ic_launcher"
50-->src\main\AndroidManifest.xml:10:9-43
51        android:label="Etech Pro"
51-->src\main\AndroidManifest.xml:12:9-34
52        android:roundIcon="@mipmap/ic_launcher_round"
52-->src\main\AndroidManifest.xml:11:9-54
53        android:supportsRtl="true"
53-->src\main\AndroidManifest.xml:13:9-35
54        android:testOnly="true"
55        android:theme="@style/Theme.TechApp"
55-->src\main\AndroidManifest.xml:14:9-45
56        android:usesCleartextTraffic="true" >
56-->src\main\AndroidManifest.xml:15:9-44
57        <meta-data
57-->src\main\AndroidManifest.xml:17:9-19:70
58            android:name="com.google.android.gms.ads.APPLICATION_ID"
58-->src\main\AndroidManifest.xml:18:13-69
59            android:value="ca-app-pub-3940256099942544~3347511713" />
59-->src\main\AndroidManifest.xml:19:13-67
60
61        <activity
61-->src\main\AndroidManifest.xml:21:9-29:20
62            android:name="com.awol.etechpro.ui.MainActivity"
62-->src\main\AndroidManifest.xml:22:13-44
63            android:exported="true"
63-->src\main\AndroidManifest.xml:23:13-36
64            android:label="Etech Pro" >
64-->src\main\AndroidManifest.xml:24:13-38
65            <intent-filter>
65-->src\main\AndroidManifest.xml:25:13-28:29
66                <action android:name="android.intent.action.MAIN" />
66-->src\main\AndroidManifest.xml:26:17-69
66-->src\main\AndroidManifest.xml:26:25-66
67
68                <category android:name="android.intent.category.LAUNCHER" />
68-->src\main\AndroidManifest.xml:27:17-77
68-->src\main\AndroidManifest.xml:27:27-74
69            </intent-filter>
70        </activity>
71        <activity
71-->src\main\AndroidManifest.xml:31:9-35:61
72            android:name="com.awol.etechpro.ui.SettingsActivity"
72-->src\main\AndroidManifest.xml:32:13-48
73            android:exported="false"
73-->src\main\AndroidManifest.xml:33:13-37
74            android:label="Settings"
74-->src\main\AndroidManifest.xml:34:13-37
75            android:parentActivityName="com.awol.etechpro.ui.MainActivity" />
75-->src\main\AndroidManifest.xml:35:13-58
76        <activity
76-->src\main\AndroidManifest.xml:37:9-41:61
77            android:name="com.awol.etechpro.ui.DetailActivity"
77-->src\main\AndroidManifest.xml:38:13-46
78            android:exported="false"
78-->src\main\AndroidManifest.xml:39:13-37
79            android:label="Detail"
79-->src\main\AndroidManifest.xml:40:13-35
80            android:parentActivityName="com.awol.etechpro.ui.MainActivity" />
80-->src\main\AndroidManifest.xml:41:13-58
81        <activity
81-->src\main\AndroidManifest.xml:43:9-47:61
82            android:name="com.awol.etechpro.ui.CategoryActivity"
82-->src\main\AndroidManifest.xml:44:13-48
83            android:exported="false"
83-->src\main\AndroidManifest.xml:45:13-37
84            android:label="Categories"
84-->src\main\AndroidManifest.xml:46:13-39
85            android:parentActivityName="com.awol.etechpro.ui.MainActivity" />
85-->src\main\AndroidManifest.xml:47:13-58
86        <activity
86-->src\main\AndroidManifest.xml:49:9-53:61
87            android:name="com.awol.etechpro.ui.PlayActivity"
87-->src\main\AndroidManifest.xml:50:13-44
88            android:exported="false"
88-->src\main\AndroidManifest.xml:51:13-37
89            android:label="Play Videos"
89-->src\main\AndroidManifest.xml:52:13-40
90            android:parentActivityName="com.awol.etechpro.ui.MainActivity" />
90-->src\main\AndroidManifest.xml:53:13-58
91        <activity
91-->src\main\AndroidManifest.xml:55:9-59:61
92            android:name="com.awol.etechpro.ui.SavedActivity"
92-->src\main\AndroidManifest.xml:56:13-45
93            android:exported="false"
93-->src\main\AndroidManifest.xml:57:13-37
94            android:label="Saved Apps"
94-->src\main\AndroidManifest.xml:58:13-39
95            android:parentActivityName="com.awol.etechpro.ui.MainActivity" />
95-->src\main\AndroidManifest.xml:59:13-58
96        <activity
96-->src\main\AndroidManifest.xml:61:9-65:61
97            android:name="com.awol.etechpro.ui.AboutActivity"
97-->src\main\AndroidManifest.xml:62:13-45
98            android:exported="false"
98-->src\main\AndroidManifest.xml:63:13-37
99            android:label="About"
99-->src\main\AndroidManifest.xml:64:13-34
100            android:parentActivityName="com.awol.etechpro.ui.MainActivity" />
100-->src\main\AndroidManifest.xml:65:13-58
101        <activity
101-->src\main\AndroidManifest.xml:67:9-71:61
102            android:name="com.awol.etechpro.ui.PrivacyPolicyActivity"
102-->src\main\AndroidManifest.xml:68:13-53
103            android:exported="false"
103-->src\main\AndroidManifest.xml:69:13-37
104            android:label="Privacy Policy"
104-->src\main\AndroidManifest.xml:70:13-43
105            android:parentActivityName="com.awol.etechpro.ui.MainActivity" />
105-->src\main\AndroidManifest.xml:71:13-58
106        <activity
106-->src\main\AndroidManifest.xml:73:9-77:61
107            android:name="com.awol.etechpro.ui.ContactActivity"
107-->src\main\AndroidManifest.xml:74:13-47
108            android:exported="false"
108-->src\main\AndroidManifest.xml:75:13-37
109            android:label="Contact Us"
109-->src\main\AndroidManifest.xml:76:13-39
110            android:parentActivityName="com.awol.etechpro.ui.MainActivity" />
110-->src\main\AndroidManifest.xml:77:13-58
111
112        <!-- Include the AdActivity and InAppPurchaseActivity configChanges and themes. -->
113        <activity
113-->[com.google.android.gms:play-services-ads-lite:23.2.0] AndroidManifest.xml:56:9-61:43
114            android:name="com.google.android.gms.ads.AdActivity"
114-->[com.google.android.gms:play-services-ads-lite:23.2.0] AndroidManifest.xml:57:13-65
115            android:configChanges="keyboard|keyboardHidden|orientation|screenLayout|uiMode|screenSize|smallestScreenSize"
115-->[com.google.android.gms:play-services-ads-lite:23.2.0] AndroidManifest.xml:58:13-122
116            android:exported="false"
116-->[com.google.android.gms:play-services-ads-lite:23.2.0] AndroidManifest.xml:59:13-37
117            android:theme="@android:style/Theme.Translucent" />
117-->[com.google.android.gms:play-services-ads-lite:23.2.0] AndroidManifest.xml:60:13-61
118
119        <provider
119-->[com.google.android.gms:play-services-ads-lite:23.2.0] AndroidManifest.xml:63:9-68:43
120            android:name="com.google.android.gms.ads.MobileAdsInitProvider"
120-->[com.google.android.gms:play-services-ads-lite:23.2.0] AndroidManifest.xml:64:13-76
121            android:authorities="com.awol.etechpro.mobileadsinitprovider"
121-->[com.google.android.gms:play-services-ads-lite:23.2.0] AndroidManifest.xml:65:13-73
122            android:exported="false"
122-->[com.google.android.gms:play-services-ads-lite:23.2.0] AndroidManifest.xml:66:13-37
123            android:initOrder="100" />
123-->[com.google.android.gms:play-services-ads-lite:23.2.0] AndroidManifest.xml:67:13-36
124
125        <service
125-->[com.google.android.gms:play-services-ads-lite:23.2.0] AndroidManifest.xml:70:9-74:43
126            android:name="com.google.android.gms.ads.AdService"
126-->[com.google.android.gms:play-services-ads-lite:23.2.0] AndroidManifest.xml:71:13-64
127            android:enabled="true"
127-->[com.google.android.gms:play-services-ads-lite:23.2.0] AndroidManifest.xml:72:13-35
128            android:exported="false" />
128-->[com.google.android.gms:play-services-ads-lite:23.2.0] AndroidManifest.xml:73:13-37
129
130        <activity
130-->[com.google.android.gms:play-services-ads-lite:23.2.0] AndroidManifest.xml:76:9-80:43
131            android:name="com.google.android.gms.ads.OutOfContextTestingActivity"
131-->[com.google.android.gms:play-services-ads-lite:23.2.0] AndroidManifest.xml:77:13-82
132            android:configChanges="keyboard|keyboardHidden|orientation|screenLayout|uiMode|screenSize|smallestScreenSize"
132-->[com.google.android.gms:play-services-ads-lite:23.2.0] AndroidManifest.xml:78:13-122
133            android:exported="false" />
133-->[com.google.android.gms:play-services-ads-lite:23.2.0] AndroidManifest.xml:79:13-37
134        <activity
134-->[com.google.android.gms:play-services-ads-lite:23.2.0] AndroidManifest.xml:81:9-88:43
135            android:name="com.google.android.gms.ads.NotificationHandlerActivity"
135-->[com.google.android.gms:play-services-ads-lite:23.2.0] AndroidManifest.xml:82:13-82
136            android:excludeFromRecents="true"
136-->[com.google.android.gms:play-services-ads-lite:23.2.0] AndroidManifest.xml:83:13-46
137            android:exported="false"
137-->[com.google.android.gms:play-services-ads-lite:23.2.0] AndroidManifest.xml:84:13-37
138            android:launchMode="singleTask"
138-->[com.google.android.gms:play-services-ads-lite:23.2.0] AndroidManifest.xml:85:13-44
139            android:taskAffinity=""
139-->[com.google.android.gms:play-services-ads-lite:23.2.0] AndroidManifest.xml:86:13-36
140            android:theme="@android:style/Theme.Translucent.NoTitleBar" />
140-->[com.google.android.gms:play-services-ads-lite:23.2.0] AndroidManifest.xml:87:13-72
141
142        <property
142-->[com.google.android.gms:play-services-ads-lite:23.2.0] AndroidManifest.xml:90:9-92:62
143            android:name="android.adservices.AD_SERVICES_CONFIG"
143-->[com.google.android.gms:play-services-ads-lite:23.2.0] AndroidManifest.xml:91:13-65
144            android:resource="@xml/gma_ad_services_config" />
144-->[com.google.android.gms:play-services-ads-lite:23.2.0] AndroidManifest.xml:92:13-59
145
146        <activity
146-->[com.google.android.gms:play-services-base:18.0.0] AndroidManifest.xml:20:9-22:45
147            android:name="com.google.android.gms.common.api.GoogleApiActivity"
147-->[com.google.android.gms:play-services-base:18.0.0] AndroidManifest.xml:20:19-85
148            android:exported="false"
148-->[com.google.android.gms:play-services-base:18.0.0] AndroidManifest.xml:22:19-43
149            android:theme="@android:style/Theme.Translucent.NoTitleBar" />
149-->[com.google.android.gms:play-services-base:18.0.0] AndroidManifest.xml:21:19-78
150
151        <meta-data
151-->[com.google.android.gms:play-services-basement:18.3.0] AndroidManifest.xml:21:9-23:69
152            android:name="com.google.android.gms.version"
152-->[com.google.android.gms:play-services-basement:18.3.0] AndroidManifest.xml:22:13-58
153            android:value="@integer/google_play_services_version" />
153-->[com.google.android.gms:play-services-basement:18.3.0] AndroidManifest.xml:23:13-66
154
155        <uses-library
155-->[androidx.privacysandbox.ads:ads-adservices:1.0.0-beta05] AndroidManifest.xml:23:9-25:40
156            android:name="android.ext.adservices"
156-->[androidx.privacysandbox.ads:ads-adservices:1.0.0-beta05] AndroidManifest.xml:24:13-50
157            android:required="false" />
157-->[androidx.privacysandbox.ads:ads-adservices:1.0.0-beta05] AndroidManifest.xml:25:13-37
158
159        <provider
159-->[androidx.emoji2:emoji2:1.3.0] AndroidManifest.xml:24:9-32:20
160            android:name="androidx.startup.InitializationProvider"
160-->[androidx.emoji2:emoji2:1.3.0] AndroidManifest.xml:25:13-67
161            android:authorities="com.awol.etechpro.androidx-startup"
161-->[androidx.emoji2:emoji2:1.3.0] AndroidManifest.xml:26:13-68
162            android:exported="false" >
162-->[androidx.emoji2:emoji2:1.3.0] AndroidManifest.xml:27:13-37
163            <meta-data
163-->[androidx.emoji2:emoji2:1.3.0] AndroidManifest.xml:29:13-31:52
164                android:name="androidx.emoji2.text.EmojiCompatInitializer"
164-->[androidx.emoji2:emoji2:1.3.0] AndroidManifest.xml:30:17-75
165                android:value="androidx.startup" />
165-->[androidx.emoji2:emoji2:1.3.0] AndroidManifest.xml:31:17-49
166            <meta-data
166-->[androidx.work:work-runtime:2.7.0] AndroidManifest.xml:36:13-38:52
167                android:name="androidx.work.WorkManagerInitializer"
167-->[androidx.work:work-runtime:2.7.0] AndroidManifest.xml:37:17-68
168                android:value="androidx.startup" />
168-->[androidx.work:work-runtime:2.7.0] AndroidManifest.xml:38:17-49
169            <meta-data
169-->[androidx.lifecycle:lifecycle-process:2.6.2] AndroidManifest.xml:29:13-31:52
170                android:name="androidx.lifecycle.ProcessLifecycleInitializer"
170-->[androidx.lifecycle:lifecycle-process:2.6.2] AndroidManifest.xml:30:17-78
171                android:value="androidx.startup" />
171-->[androidx.lifecycle:lifecycle-process:2.6.2] AndroidManifest.xml:31:17-49
172            <meta-data
172-->[androidx.profileinstaller:profileinstaller:1.3.1] AndroidManifest.xml:29:13-31:52
173                android:name="androidx.profileinstaller.ProfileInstallerInitializer"
173-->[androidx.profileinstaller:profileinstaller:1.3.1] AndroidManifest.xml:30:17-85
174                android:value="androidx.startup" />
174-->[androidx.profileinstaller:profileinstaller:1.3.1] AndroidManifest.xml:31:17-49
175        </provider>
176
177        <service
177-->[androidx.work:work-runtime:2.7.0] AndroidManifest.xml:41:9-46:35
178            android:name="androidx.work.impl.background.systemalarm.SystemAlarmService"
178-->[androidx.work:work-runtime:2.7.0] AndroidManifest.xml:42:13-88
179            android:directBootAware="false"
179-->[androidx.work:work-runtime:2.7.0] AndroidManifest.xml:43:13-44
180            android:enabled="@bool/enable_system_alarm_service_default"
180-->[androidx.work:work-runtime:2.7.0] AndroidManifest.xml:44:13-72
181            android:exported="false" />
181-->[androidx.work:work-runtime:2.7.0] AndroidManifest.xml:45:13-37
182        <service
182-->[androidx.work:work-runtime:2.7.0] AndroidManifest.xml:47:9-53:35
183            android:name="androidx.work.impl.background.systemjob.SystemJobService"
183-->[androidx.work:work-runtime:2.7.0] AndroidManifest.xml:48:13-84
184            android:directBootAware="false"
184-->[androidx.work:work-runtime:2.7.0] AndroidManifest.xml:49:13-44
185            android:enabled="@bool/enable_system_job_service_default"
185-->[androidx.work:work-runtime:2.7.0] AndroidManifest.xml:50:13-70
186            android:exported="true"
186-->[androidx.work:work-runtime:2.7.0] AndroidManifest.xml:51:13-36
187            android:permission="android.permission.BIND_JOB_SERVICE" />
187-->[androidx.work:work-runtime:2.7.0] AndroidManifest.xml:52:13-69
188        <service
188-->[androidx.work:work-runtime:2.7.0] AndroidManifest.xml:54:9-59:35
189            android:name="androidx.work.impl.foreground.SystemForegroundService"
189-->[androidx.work:work-runtime:2.7.0] AndroidManifest.xml:55:13-81
190            android:directBootAware="false"
190-->[androidx.work:work-runtime:2.7.0] AndroidManifest.xml:56:13-44
191            android:enabled="@bool/enable_system_foreground_service_default"
191-->[androidx.work:work-runtime:2.7.0] AndroidManifest.xml:57:13-77
192            android:exported="false" />
192-->[androidx.work:work-runtime:2.7.0] AndroidManifest.xml:58:13-37
193
194        <receiver
194-->[androidx.work:work-runtime:2.7.0] AndroidManifest.xml:61:9-66:35
195            android:name="androidx.work.impl.utils.ForceStopRunnable$BroadcastReceiver"
195-->[androidx.work:work-runtime:2.7.0] AndroidManifest.xml:62:13-88
196            android:directBootAware="false"
196-->[androidx.work:work-runtime:2.7.0] AndroidManifest.xml:63:13-44
197            android:enabled="true"
197-->[androidx.work:work-runtime:2.7.0] AndroidManifest.xml:64:13-35
198            android:exported="false" />
198-->[androidx.work:work-runtime:2.7.0] AndroidManifest.xml:65:13-37
199        <receiver
199-->[androidx.work:work-runtime:2.7.0] AndroidManifest.xml:67:9-77:20
200            android:name="androidx.work.impl.background.systemalarm.ConstraintProxy$BatteryChargingProxy"
200-->[androidx.work:work-runtime:2.7.0] AndroidManifest.xml:68:13-106
201            android:directBootAware="false"
201-->[androidx.work:work-runtime:2.7.0] AndroidManifest.xml:69:13-44
202            android:enabled="false"
202-->[androidx.work:work-runtime:2.7.0] AndroidManifest.xml:70:13-36
203            android:exported="false" >
203-->[androidx.work:work-runtime:2.7.0] AndroidManifest.xml:71:13-37
204            <intent-filter>
204-->[androidx.work:work-runtime:2.7.0] AndroidManifest.xml:73:13-76:29
205                <action android:name="android.intent.action.ACTION_POWER_CONNECTED" />
205-->[androidx.work:work-runtime:2.7.0] AndroidManifest.xml:74:17-87
205-->[androidx.work:work-runtime:2.7.0] AndroidManifest.xml:74:25-84
206                <action android:name="android.intent.action.ACTION_POWER_DISCONNECTED" />
206-->[androidx.work:work-runtime:2.7.0] AndroidManifest.xml:75:17-90
206-->[androidx.work:work-runtime:2.7.0] AndroidManifest.xml:75:25-87
207            </intent-filter>
208        </receiver>
209        <receiver
209-->[androidx.work:work-runtime:2.7.0] AndroidManifest.xml:78:9-88:20
210            android:name="androidx.work.impl.background.systemalarm.ConstraintProxy$BatteryNotLowProxy"
210-->[androidx.work:work-runtime:2.7.0] AndroidManifest.xml:79:13-104
211            android:directBootAware="false"
211-->[androidx.work:work-runtime:2.7.0] AndroidManifest.xml:80:13-44
212            android:enabled="false"
212-->[androidx.work:work-runtime:2.7.0] AndroidManifest.xml:81:13-36
213            android:exported="false" >
213-->[androidx.work:work-runtime:2.7.0] AndroidManifest.xml:82:13-37
214            <intent-filter>
214-->[androidx.work:work-runtime:2.7.0] AndroidManifest.xml:84:13-87:29
215                <action android:name="android.intent.action.BATTERY_OKAY" />
215-->[androidx.work:work-runtime:2.7.0] AndroidManifest.xml:85:17-77
215-->[androidx.work:work-runtime:2.7.0] AndroidManifest.xml:85:25-74
216                <action android:name="android.intent.action.BATTERY_LOW" />
216-->[androidx.work:work-runtime:2.7.0] AndroidManifest.xml:86:17-76
216-->[androidx.work:work-runtime:2.7.0] AndroidManifest.xml:86:25-73
217            </intent-filter>
218        </receiver>
219        <receiver
219-->[androidx.work:work-runtime:2.7.0] AndroidManifest.xml:89:9-99:20
220            android:name="androidx.work.impl.background.systemalarm.ConstraintProxy$StorageNotLowProxy"
220-->[androidx.work:work-runtime:2.7.0] AndroidManifest.xml:90:13-104
221            android:directBootAware="false"
221-->[androidx.work:work-runtime:2.7.0] AndroidManifest.xml:91:13-44
222            android:enabled="false"
222-->[androidx.work:work-runtime:2.7.0] AndroidManifest.xml:92:13-36
223            android:exported="false" >
223-->[androidx.work:work-runtime:2.7.0] AndroidManifest.xml:93:13-37
224            <intent-filter>
224-->[androidx.work:work-runtime:2.7.0] AndroidManifest.xml:95:13-98:29
225                <action android:name="android.intent.action.DEVICE_STORAGE_LOW" />
225-->[androidx.work:work-runtime:2.7.0] AndroidManifest.xml:96:17-83
225-->[androidx.work:work-runtime:2.7.0] AndroidManifest.xml:96:25-80
226                <action android:name="android.intent.action.DEVICE_STORAGE_OK" />
226-->[androidx.work:work-runtime:2.7.0] AndroidManifest.xml:97:17-82
226-->[androidx.work:work-runtime:2.7.0] AndroidManifest.xml:97:25-79
227            </intent-filter>
228        </receiver>
229        <receiver
229-->[androidx.work:work-runtime:2.7.0] AndroidManifest.xml:100:9-109:20
230            android:name="androidx.work.impl.background.systemalarm.ConstraintProxy$NetworkStateProxy"
230-->[androidx.work:work-runtime:2.7.0] AndroidManifest.xml:101:13-103
231            android:directBootAware="false"
231-->[androidx.work:work-runtime:2.7.0] AndroidManifest.xml:102:13-44
232            android:enabled="false"
232-->[androidx.work:work-runtime:2.7.0] AndroidManifest.xml:103:13-36
233            android:exported="false" >
233-->[androidx.work:work-runtime:2.7.0] AndroidManifest.xml:104:13-37
234            <intent-filter>
234-->[androidx.work:work-runtime:2.7.0] AndroidManifest.xml:106:13-108:29
235                <action android:name="android.net.conn.CONNECTIVITY_CHANGE" />
235-->[androidx.work:work-runtime:2.7.0] AndroidManifest.xml:107:17-79
235-->[androidx.work:work-runtime:2.7.0] AndroidManifest.xml:107:25-76
236            </intent-filter>
237        </receiver>
238        <receiver
238-->[androidx.work:work-runtime:2.7.0] AndroidManifest.xml:110:9-121:20
239            android:name="androidx.work.impl.background.systemalarm.RescheduleReceiver"
239-->[androidx.work:work-runtime:2.7.0] AndroidManifest.xml:111:13-88
240            android:directBootAware="false"
240-->[androidx.work:work-runtime:2.7.0] AndroidManifest.xml:112:13-44
241            android:enabled="false"
241-->[androidx.work:work-runtime:2.7.0] AndroidManifest.xml:113:13-36
242            android:exported="false" >
242-->[androidx.work:work-runtime:2.7.0] AndroidManifest.xml:114:13-37
243            <intent-filter>
243-->[androidx.work:work-runtime:2.7.0] AndroidManifest.xml:116:13-120:29
244                <action android:name="android.intent.action.BOOT_COMPLETED" />
244-->[androidx.work:work-runtime:2.7.0] AndroidManifest.xml:117:17-79
244-->[androidx.work:work-runtime:2.7.0] AndroidManifest.xml:117:25-76
245                <action android:name="android.intent.action.TIME_SET" />
245-->[androidx.work:work-runtime:2.7.0] AndroidManifest.xml:118:17-73
245-->[androidx.work:work-runtime:2.7.0] AndroidManifest.xml:118:25-70
246                <action android:name="android.intent.action.TIMEZONE_CHANGED" />
246-->[androidx.work:work-runtime:2.7.0] AndroidManifest.xml:119:17-81
246-->[androidx.work:work-runtime:2.7.0] AndroidManifest.xml:119:25-78
247            </intent-filter>
248        </receiver>
249        <receiver
249-->[androidx.work:work-runtime:2.7.0] AndroidManifest.xml:122:9-131:20
250            android:name="androidx.work.impl.background.systemalarm.ConstraintProxyUpdateReceiver"
250-->[androidx.work:work-runtime:2.7.0] AndroidManifest.xml:123:13-99
251            android:directBootAware="false"
251-->[androidx.work:work-runtime:2.7.0] AndroidManifest.xml:124:13-44
252            android:enabled="@bool/enable_system_alarm_service_default"
252-->[androidx.work:work-runtime:2.7.0] AndroidManifest.xml:125:13-72
253            android:exported="false" >
253-->[androidx.work:work-runtime:2.7.0] AndroidManifest.xml:126:13-37
254            <intent-filter>
254-->[androidx.work:work-runtime:2.7.0] AndroidManifest.xml:128:13-130:29
255                <action android:name="androidx.work.impl.background.systemalarm.UpdateProxies" />
255-->[androidx.work:work-runtime:2.7.0] AndroidManifest.xml:129:17-98
255-->[androidx.work:work-runtime:2.7.0] AndroidManifest.xml:129:25-95
256            </intent-filter>
257        </receiver>
258        <receiver
258-->[androidx.work:work-runtime:2.7.0] AndroidManifest.xml:132:9-142:20
259            android:name="androidx.work.impl.diagnostics.DiagnosticsReceiver"
259-->[androidx.work:work-runtime:2.7.0] AndroidManifest.xml:133:13-78
260            android:directBootAware="false"
260-->[androidx.work:work-runtime:2.7.0] AndroidManifest.xml:134:13-44
261            android:enabled="true"
261-->[androidx.work:work-runtime:2.7.0] AndroidManifest.xml:135:13-35
262            android:exported="true"
262-->[androidx.work:work-runtime:2.7.0] AndroidManifest.xml:136:13-36
263            android:permission="android.permission.DUMP" >
263-->[androidx.work:work-runtime:2.7.0] AndroidManifest.xml:137:13-57
264            <intent-filter>
264-->[androidx.work:work-runtime:2.7.0] AndroidManifest.xml:139:13-141:29
265                <action android:name="androidx.work.diagnostics.REQUEST_DIAGNOSTICS" />
265-->[androidx.work:work-runtime:2.7.0] AndroidManifest.xml:140:17-88
265-->[androidx.work:work-runtime:2.7.0] AndroidManifest.xml:140:25-85
266            </intent-filter>
267        </receiver>
268        <receiver
268-->[androidx.profileinstaller:profileinstaller:1.3.1] AndroidManifest.xml:34:9-52:20
269            android:name="androidx.profileinstaller.ProfileInstallReceiver"
269-->[androidx.profileinstaller:profileinstaller:1.3.1] AndroidManifest.xml:35:13-76
270            android:directBootAware="false"
270-->[androidx.profileinstaller:profileinstaller:1.3.1] AndroidManifest.xml:36:13-44
271            android:enabled="true"
271-->[androidx.profileinstaller:profileinstaller:1.3.1] AndroidManifest.xml:37:13-35
272            android:exported="true"
272-->[androidx.profileinstaller:profileinstaller:1.3.1] AndroidManifest.xml:38:13-36
273            android:permission="android.permission.DUMP" >
273-->[androidx.profileinstaller:profileinstaller:1.3.1] AndroidManifest.xml:39:13-57
274            <intent-filter>
274-->[androidx.profileinstaller:profileinstaller:1.3.1] AndroidManifest.xml:40:13-42:29
275                <action android:name="androidx.profileinstaller.action.INSTALL_PROFILE" />
275-->[androidx.profileinstaller:profileinstaller:1.3.1] AndroidManifest.xml:41:17-91
275-->[androidx.profileinstaller:profileinstaller:1.3.1] AndroidManifest.xml:41:25-88
276            </intent-filter>
277            <intent-filter>
277-->[androidx.profileinstaller:profileinstaller:1.3.1] AndroidManifest.xml:43:13-45:29